<?xml version="1.0" encoding="UTF-8"?>
<!-- Generated by org.testng.reporters.JUnitReportReporter -->
<testsuite hostname="LTIN203482" failures="0" tests="1" name="testSuite.RegressionTest" time="85.527" errors="0" timestamp="04 Jan 2022 11:01:26 GMT" skipped="0">
  <testcase classname="testSuite.RegressionTest" name="regressionTesting" time="85.527"/>
</testsuite> <!-- testSuite.RegressionTest -->
