<?xml version="1.0" encoding="UTF-8"?>
<!-- Generated by org.testng.reporters.JUnitReportReporter -->
<testsuite hostname="LTIN203482" failures="0" tests="1" name="testSuite.SmokeTest" time="27.062" errors="0" timestamp="04 Jan 2022 11:01:26 GMT" skipped="0">
  <testcase classname="testSuite.SmokeTest" name="smokeTesting" time="27.062"/>
</testsuite> <!-- testSuite.SmokeTest -->
